2017-07-22 13:58:52,420 [Worker-3] INFO  c.g.t.t.d.PublishedGradleVersions - Gradle version information cache is up-to-date. Trying to read.
2017-07-22 13:59:13,181 [Worker-6] INFO  o.e.m.c.i.l.LifecycleMappingFactory - Using org.eclipse.m2e.jdt.JarLifecycleMapping lifecycle mapping for MavenProject: tdt.it.finalproject:tdt.it.finalproject:0.0.1-SNAPSHOT @ D:\finalproject\tdt.it.finalproject\pom.xml.
2017-07-22 13:59:17,657 [Worker-9] WARN  o.e.m.c.i.embedder.EclipseLogger - Using platform encoding (Cp1258 actually) to copy filtered resources, i.e. build is platform dependent!
2017-07-22 13:59:17,709 [Worker-9] INFO  o.e.m.c.i.embedder.EclipseLogger - Copying 1 resource
2017-07-22 13:59:17,737 [Worker-9] WARN  o.e.m.c.i.embedder.EclipseLogger - Using platform encoding (Cp1258 actually) to copy filtered resources, i.e. build is platform dependent!
2017-07-22 13:59:17,748 [Worker-9] INFO  o.e.m.c.i.embedder.EclipseLogger - skip non existing resourceDirectory D:\finalproject\tdt.it.finalproject\src\test\resources
2017-07-22 13:59:53,440 [Worker-4] WARN  o.e.m.c.i.embedder.EclipseLogger - Using platform encoding (Cp1258 actually) to copy filtered resources, i.e. build is platform dependent!
2017-07-22 13:59:53,461 [Worker-4] INFO  o.e.m.c.i.embedder.EclipseLogger - Copying 1 resource
2017-07-22 13:59:53,465 [Worker-4] WARN  o.e.m.c.i.embedder.EclipseLogger - Using platform encoding (Cp1258 actually) to copy filtered resources, i.e. build is platform dependent!
2017-07-22 13:59:53,483 [Worker-4] INFO  o.e.m.c.i.embedder.EclipseLogger - skip non existing resourceDirectory D:\finalproject\tdt.it.finalproject\src\test\resources
2017-07-22 14:00:29,678 [Worker-11] WARN  o.e.m.c.i.embedder.EclipseLogger - Using platform encoding (Cp1258 actually) to copy filtered resources, i.e. build is platform dependent!
2017-07-22 14:00:29,693 [Worker-11] INFO  o.e.m.c.i.embedder.EclipseLogger - Copying 1 resource
2017-07-22 14:00:29,695 [Worker-11] WARN  o.e.m.c.i.embedder.EclipseLogger - Using platform encoding (Cp1258 actually) to copy filtered resources, i.e. build is platform dependent!
2017-07-22 14:00:29,703 [Worker-11] INFO  o.e.m.c.i.embedder.EclipseLogger - skip non existing resourceDirectory D:\finalproject\tdt.it.finalproject\src\test\resources
2017-07-22 14:27:40,625 [Worker-2] INFO  c.g.t.t.d.PublishedGradleVersions - Gradle version information cache is up-to-date. Trying to read.
2017-07-22 14:28:03,637 [Worker-6] INFO  o.e.m.c.i.l.LifecycleMappingFactory - Using org.eclipse.m2e.jdt.JarLifecycleMapping lifecycle mapping for MavenProject: tdt.it.finalproject:tdt.it.finalproject:0.0.1-SNAPSHOT @ D:\finalproject\tdt.it.finalproject\pom.xml.
2017-07-22 14:28:07,561 [Worker-6] WARN  o.e.m.c.i.embedder.EclipseLogger - Using platform encoding (Cp1258 actually) to copy filtered resources, i.e. build is platform dependent!
2017-07-22 14:28:07,582 [Worker-6] INFO  o.e.m.c.i.embedder.EclipseLogger - Copying 1 resource
2017-07-22 14:28:07,963 [Worker-6] WARN  o.e.m.c.i.embedder.EclipseLogger - Using platform encoding (Cp1258 actually) to copy filtered resources, i.e. build is platform dependent!
2017-07-22 14:28:07,965 [Worker-15] INFO  o.e.m.c.i.l.LifecycleMappingFactory - Using org.eclipse.m2e.jdt.JarLifecycleMapping lifecycle mapping for MavenProject: tdt.it.finalproject:tdt.it.finalproject:0.0.1-SNAPSHOT @ D:\finalproject\tdt.it.finalproject\pom.xml.
2017-07-22 14:28:07,974 [Worker-6] INFO  o.e.m.c.i.embedder.EclipseLogger - skip non existing resourceDirectory D:\finalproject\tdt.it.finalproject\src\test\resources
2017-07-22 14:28:09,109 [Worker-2] WARN  o.e.m.c.i.embedder.EclipseLogger - Using platform encoding (Cp1258 actually) to copy filtered resources, i.e. build is platform dependent!
2017-07-22 14:28:09,128 [Worker-2] INFO  o.e.m.c.i.embedder.EclipseLogger - Copying 0 resource
2017-07-22 14:28:09,130 [Worker-2] WARN  o.e.m.c.i.embedder.EclipseLogger - Using platform encoding (Cp1258 actually) to copy filtered resources, i.e. build is platform dependent!
2017-07-22 14:28:09,140 [Worker-2] INFO  o.e.m.c.i.embedder.EclipseLogger - skip non existing resourceDirectory D:\finalproject\tdt.it.finalproject\src\test\resources
2017-07-23 16:21:10,982 [Worker-1] INFO  c.g.t.t.d.PublishedGradleVersions - Gradle version information cache is out-of-date. Trying to update.
2017-07-23 16:39:54,617 [Worker-8] WARN  o.e.m.c.i.embedder.EclipseLogger - Using platform encoding (Cp1258 actually) to copy filtered resources, i.e. build is platform dependent!
2017-07-23 16:39:54,631 [Worker-8] INFO  o.e.m.c.i.embedder.EclipseLogger - Copying 1 resource
2017-07-23 16:39:54,638 [Worker-8] WARN  o.e.m.c.i.embedder.EclipseLogger - Using platform encoding (Cp1258 actually) to copy filtered resources, i.e. build is platform dependent!
2017-07-23 16:39:54,643 [Worker-8] INFO  o.e.m.c.i.embedder.EclipseLogger - skip non existing resourceDirectory D:\finalproject\tdt.it.finalproject\src\test\resources
2017-07-23 16:41:42,076 [Worker-16] WARN  o.e.m.c.i.embedder.EclipseLogger - Using platform encoding (Cp1258 actually) to copy filtered resources, i.e. build is platform dependent!
2017-07-23 16:41:42,132 [Worker-16] INFO  o.e.m.c.i.embedder.EclipseLogger - Copying 1 resource
2017-07-23 16:41:42,135 [Worker-16] WARN  o.e.m.c.i.embedder.EclipseLogger - Using platform encoding (Cp1258 actually) to copy filtered resources, i.e. build is platform dependent!
2017-07-23 16:41:42,143 [Worker-16] INFO  o.e.m.c.i.embedder.EclipseLogger - skip non existing resourceDirectory D:\finalproject\tdt.it.finalproject\src\test\resources
2017-07-24 16:23:34,813 [Worker-0] INFO  c.g.t.t.d.PublishedGradleVersions - Gradle version information cache is out-of-date. Trying to update.
2017-07-24 17:18:31,522 [Worker-0] INFO  c.g.t.t.d.PublishedGradleVersions - Gradle version information cache is up-to-date. Trying to read.
2017-07-24 17:30:28,827 [Worker-17] WARN  o.e.m.c.i.embedder.EclipseLogger - Using platform encoding (Cp1258 actually) to copy filtered resources, i.e. build is platform dependent!
2017-07-24 17:30:28,850 [Worker-17] INFO  o.e.m.c.i.embedder.EclipseLogger - Copying 1 resource
2017-07-24 17:30:28,909 [Worker-17] WARN  o.e.m.c.i.embedder.EclipseLogger - Using platform encoding (Cp1258 actually) to copy filtered resources, i.e. build is platform dependent!
2017-07-24 17:30:28,930 [Worker-17] INFO  o.e.m.c.i.embedder.EclipseLogger - skip non existing resourceDirectory D:\finalproject\tdt.it.finalproject\src\test\resources
2017-07-24 17:34:58,264 [Worker-17] WARN  o.e.m.c.i.embedder.EclipseLogger - Using platform encoding (Cp1258 actually) to copy filtered resources, i.e. build is platform dependent!
2017-07-24 17:34:58,300 [Worker-17] INFO  o.e.m.c.i.embedder.EclipseLogger - Copying 1 resource
2017-07-24 17:34:58,303 [Worker-17] WARN  o.e.m.c.i.embedder.EclipseLogger - Using platform encoding (Cp1258 actually) to copy filtered resources, i.e. build is platform dependent!
2017-07-24 17:34:58,326 [Worker-17] INFO  o.e.m.c.i.embedder.EclipseLogger - skip non existing resourceDirectory D:\finalproject\tdt.it.finalproject\src\test\resources
2017-07-24 20:41:55,178 [Worker-4] INFO  c.g.t.t.d.PublishedGradleVersions - Gradle version information cache is up-to-date. Trying to read.
2017-07-24 22:42:22,114 [Worker-24] WARN  o.e.m.c.i.embedder.EclipseLogger - Using platform encoding (Cp1258 actually) to copy filtered resources, i.e. build is platform dependent!
2017-07-24 22:42:22,140 [Worker-24] INFO  o.e.m.c.i.embedder.EclipseLogger - Copying 1 resource
2017-07-24 22:42:22,147 [Worker-24] WARN  o.e.m.c.i.embedder.EclipseLogger - Using platform encoding (Cp1258 actually) to copy filtered resources, i.e. build is platform dependent!
2017-07-24 22:42:22,161 [Worker-24] INFO  o.e.m.c.i.embedder.EclipseLogger - skip non existing resourceDirectory D:\finalproject\tdt.it.finalproject\src\test\resources
2017-07-25 00:44:17,337 [Worker-52] WARN  o.e.m.c.i.embedder.EclipseLogger - Using platform encoding (Cp1258 actually) to copy filtered resources, i.e. build is platform dependent!
2017-07-25 00:44:17,380 [Worker-52] INFO  o.e.m.c.i.embedder.EclipseLogger - Copying 1 resource
2017-07-25 00:44:17,380 [Worker-52] WARN  o.e.m.c.i.embedder.EclipseLogger - Using platform encoding (Cp1258 actually) to copy filtered resources, i.e. build is platform dependent!
2017-07-25 00:44:17,395 [Worker-52] INFO  o.e.m.c.i.embedder.EclipseLogger - skip non existing resourceDirectory D:\finalproject\tdt.it.finalproject\src\test\resources
